<?xml version="1.0" encoding="UTF-8" standalone="yes"?>
<ns2:test-suite start="1584871695564" stop="1584871813169" version="1.5.0" xmlns:ns2="urn:model.allure.qatools.yandex.ru">
    <name>AutofusionRegressionSuite : SmokeTest-Naviga-xyzApplication</name>
    <title>AutofusionRegressionSuite : SmokeTest-Naviga-xyzApplication</title>
    <test-cases>
        <test-case start="1584871708430" stop="1584871712860" status="passed">
            <name>invalid_login</name>
            <steps/>
            <attachments/>
            <labels>
                <label name="testSuite" value="AutofusionRegressionSuite"/>
                <label name="testGroup" value="SmokeTest-Naviga-xyzApplication"/>
                <label name="testClass" value="com.test.CircPro_LoginTest"/>
                <label name="testMethod" value="invalid_login"/>
                <label name="host" value="del1-lhp-n68376"/>
                <label name="thread" value="29800@del1-lhp-n68376.pool-1-thread-1(15)"/>
            </labels>
        </test-case>
        <test-case start="1584871712869" stop="1584871716605" status="passed">
            <name>invalid_loginblank</name>
            <steps/>
            <attachments/>
            <labels>
                <label name="testSuite" value="AutofusionRegressionSuite"/>
                <label name="testGroup" value="SmokeTest-Naviga-xyzApplication"/>
                <label name="testClass" value="com.test.CircPro_LoginTest"/>
                <label name="testMethod" value="invalid_loginblank"/>
                <label name="host" value="del1-lhp-n68376"/>
                <label name="thread" value="29800@del1-lhp-n68376.pool-1-thread-1(15)"/>
            </labels>
        </test-case>
        <test-case start="1584871716613" stop="1584871723074" status="passed">
            <name>login_circPro</name>
            <steps/>
            <attachments/>
            <labels>
                <label name="testSuite" value="AutofusionRegressionSuite"/>
                <label name="testGroup" value="SmokeTest-Naviga-xyzApplication"/>
                <label name="testClass" value="com.test.CircPro_LoginTest"/>
                <label name="testMethod" value="login_circPro"/>
                <label name="host" value="del1-lhp-n68376"/>
                <label name="thread" value="29800@del1-lhp-n68376.pool-1-thread-1(15)"/>
            </labels>
        </test-case>
        <test-case start="1584871723152" stop="1584871796589" status="passed">
            <name>testMethod</name>
            <steps/>
            <attachments/>
            <labels>
                <label name="testSuite" value="AutofusionRegressionSuite"/>
                <label name="testGroup" value="SmokeTest-Naviga-xyzApplication"/>
                <label name="testClass" value="com.test.CircPro_SubscriptionTest"/>
                <label name="testMethod" value="testMethod"/>
                <label name="host" value="del1-lhp-n68376"/>
                <label name="thread" value="29800@del1-lhp-n68376.pool-1-thread-1(15)"/>
            </labels>
        </test-case>
        <test-case start="1584871796716" stop="1584871812975" status="broken">
            <name>navigation_routes</name>
            <failure>
                <message>NoSuchElementException: no such element: Unable to locate element: {"method":"name","selector":"0.3.13.0.5.5.51.1.0.3.0.1.0.0.5"}
  (Session info: chrome=80.0.3987.149)
  (Driver info: chromedriver=2.40.565498 (ea082db3280dd6843ebfb08a625e3eb905c4f5ab),platform=Windows NT 10.0.18363 x86_64) (WARNING: The server did not provide any stacktrace information)
Command duration or timeout: 25 milliseconds
For documentation on this error, please visit: http://seleniumhq.org/exceptions/no_such_element.html
Build info: version: '3.4.0', revision: 'unknown', time: 'unknown'
System info: host: 'DEL1-LHP-N68376', ip: '10.100.28.9', os.name: 'Windows 10', os.arch: 'amd64', os.version: '10.0', java.version: '13.0.2'
Driver info: org.openqa.selenium.chrome.ChromeDriver
Capabilities [{applicationCacheEnabled=false, rotatable=false, mobileEmulationEnabled=false, networkConnectionEnabled=false, chrome={chromedriverVersion=2.40.565498 (ea082db3280dd6843ebfb08a625e3eb905c4f5ab), userDataDir=C:\Users\SARTHA~1.KUM\AppData\Local\Temp\scoped_dir24052_16951}, takesHeapSnapshot=true, pageLoadStrategy=normal, databaseEnabled=false, handlesAlerts=true, hasTouchScreen=false, version=80.0.3987.149, platform=XP, browserConnectionEnabled=false, nativeEvents=true, acceptSslCerts=false, acceptInsecureCerts=false, locationContextEnabled=true, webStorageEnabled=true, browserName=chrome, takesScreenshot=true, javascriptEnabled=true, cssSelectorsEnabled=true, setWindowRect=true, unexpectedAlertBehaviour=}]
Session ID: cd79c7ad0253aec9436b40d57f0cd7e0
*** Element info: {Using=name, value=0.3.13.0.5.5.51.1.0.3.0.1.0.0.5}</message>
                <stack-trace>org.openqa.selenium.NoSuchElementException: no such element: Unable to locate element: {"method":"name","selector":"0.3.13.0.5.5.51.1.0.3.0.1.0.0.5"}
  (Session info: chrome=80.0.3987.149)
  (Driver info: chromedriver=2.40.565498 (ea082db3280dd6843ebfb08a625e3eb905c4f5ab),platform=Windows NT 10.0.18363 x86_64) (WARNING: The server did not provide any stacktrace information)
Command duration or timeout: 25 milliseconds
For documentation on this error, please visit: http://seleniumhq.org/exceptions/no_such_element.html
Build info: version: '3.4.0', revision: 'unknown', time: 'unknown'
System info: host: 'DEL1-LHP-N68376', ip: '10.100.28.9', os.name: 'Windows 10', os.arch: 'amd64', os.version: '10.0', java.version: '13.0.2'
Driver info: org.openqa.selenium.chrome.ChromeDriver
Capabilities [{applicationCacheEnabled=false, rotatable=false, mobileEmulationEnabled=false, networkConnectionEnabled=false, chrome={chromedriverVersion=2.40.565498 (ea082db3280dd6843ebfb08a625e3eb905c4f5ab), userDataDir=C:\Users\SARTHA~1.KUM\AppData\Local\Temp\scoped_dir24052_16951}, takesHeapSnapshot=true, pageLoadStrategy=normal, databaseEnabled=false, handlesAlerts=true, hasTouchScreen=false, version=80.0.3987.149, platform=XP, browserConnectionEnabled=false, nativeEvents=true, acceptSslCerts=false, acceptInsecureCerts=false, locationContextEnabled=true, webStorageEnabled=true, browserName=chrome, takesScreenshot=true, javascriptEnabled=true, cssSelectorsEnabled=true, setWindowRect=true, unexpectedAlertBehaviour=}]
Session ID: cd79c7ad0253aec9436b40d57f0cd7e0
*** Element info: {Using=name, value=0.3.13.0.5.5.51.1.0.3.0.1.0.0.5}&#13;
	at java.base/jdk.internal.reflect.NativeConstructorAccessorImpl.newInstance0(Native Method)&#13;
	at java.base/jdk.internal.reflect.NativeConstructorAccessorImpl.newInstance(NativeConstructorAccessorImpl.java:62)&#13;
	at java.base/jdk.internal.reflect.DelegatingConstructorAccessorImpl.newInstance(DelegatingConstructorAccessorImpl.java:45)&#13;
	at java.base/java.lang.reflect.Constructor.newInstanceWithCaller(Constructor.java:500)&#13;
	at java.base/java.lang.reflect.Constructor.newInstance(Constructor.java:481)&#13;
	at org.openqa.selenium.remote.ErrorHandler.createThrowable(ErrorHandler.java:215)&#13;
	at org.openqa.selenium.remote.ErrorHandler.throwIfResponseFailed(ErrorHandler.java:167)&#13;
	at org.openqa.selenium.remote.RemoteWebDriver.execute(RemoteWebDriver.java:671)&#13;
	at org.openqa.selenium.remote.RemoteWebDriver.findElement(RemoteWebDriver.java:410)&#13;
	at org.openqa.selenium.remote.RemoteWebDriver.findElementByName(RemoteWebDriver.java:485)&#13;
	at org.openqa.selenium.By$ByName.findElement(By.java:303)&#13;
	at org.openqa.selenium.remote.RemoteWebDriver.findElement(RemoteWebDriver.java:402)&#13;
	at com.ncs.page.CircPro_Routes.navigateToZipCodeTag(CircPro_Routes.java:76)&#13;
	at com.test.CircPro_RoutesTest.navigation_routes_getZipCode(CircPro_RoutesTest.java:67)&#13;
	at com.test.CircPro_RoutesTest.navigation_routes(CircPro_RoutesTest.java:51)&#13;
	at java.base/jdk.internal.reflect.NativeMethodAccessorImpl.invoke0(Native Method)&#13;
	at java.base/jdk.internal.reflect.NativeMethodAccessorImpl.invoke(NativeMethodAccessorImpl.java:62)&#13;
	at java.base/jdk.internal.reflect.DelegatingMethodAccessorImpl.invoke(DelegatingMethodAccessorImpl.java:43)&#13;
	at java.base/java.lang.reflect.Method.invoke(Method.java:567)&#13;
	at org.testng.internal.MethodInvocationHelper.invokeMethod(MethodInvocationHelper.java:104)&#13;
	at org.testng.internal.Invoker.invokeMethod(Invoker.java:645)&#13;
	at org.testng.internal.Invoker.invokeTestMethod(Invoker.java:851)&#13;
	at org.testng.internal.Invoker.invokeTestMethods(Invoker.java:1177)&#13;
	at org.testng.internal.TestMethodWorker.invokeTestMethods(TestMethodWorker.java:129)&#13;
	at org.testng.internal.TestMethodWorker.run(TestMethodWorker.java:112)&#13;
	at java.base/java.util.concurrent.ThreadPoolExecutor.runWorker(ThreadPoolExecutor.java:1128)&#13;
	at java.base/java.util.concurrent.ThreadPoolExecutor$Worker.run(ThreadPoolExecutor.java:628)&#13;
	at java.base/java.lang.Thread.run(Thread.java:830)&#13;
</stack-trace>
            </failure>
            <steps/>
            <attachments/>
            <labels>
                <label name="testSuite" value="AutofusionRegressionSuite"/>
                <label name="testGroup" value="SmokeTest-Naviga-xyzApplication"/>
                <label name="testClass" value="com.test.CircPro_RoutesTest"/>
                <label name="testMethod" value="navigation_routes"/>
                <label name="host" value="del1-lhp-n68376"/>
                <label name="thread" value="29800@del1-lhp-n68376.pool-1-thread-1(15)"/>
            </labels>
        </test-case>
    </test-cases>
    <labels>
        <label name="framework" value="TestNG"/>
        <label name="language" value="JAVA"/>
    </labels>
</ns2:test-suite>
