<?xml version="1.0" encoding="UTF-8" standalone="yes"?>
<ns2:test-suite start="1584879284381" stop="1584879423787" version="1.5.0" xmlns:ns2="urn:model.allure.qatools.yandex.ru">
    <name>AutofusionRegressionSuite : SmokeTest-Naviga-xyzApplication</name>
    <title>AutofusionRegressionSuite : SmokeTest-Naviga-xyzApplication</title>
    <test-cases>
        <test-case start="1584879294605" stop="1584879298142" status="passed">
            <name>invalid_login</name>
            <steps/>
            <attachments/>
            <labels>
                <label name="testSuite" value="AutofusionRegressionSuite"/>
                <label name="testGroup" value="SmokeTest-Naviga-xyzApplication"/>
                <label name="testClass" value="com.test.CircPro_LoginTest"/>
                <label name="testMethod" value="invalid_login"/>
                <label name="host" value="del1-lhp-n68376"/>
                <label name="thread" value="24380@del1-lhp-n68376.pool-1-thread-1(15)"/>
            </labels>
        </test-case>
        <test-case start="1584879298147" stop="1584879301405" status="passed">
            <name>invalid_loginblank</name>
            <steps/>
            <attachments/>
            <labels>
                <label name="testSuite" value="AutofusionRegressionSuite"/>
                <label name="testGroup" value="SmokeTest-Naviga-xyzApplication"/>
                <label name="testClass" value="com.test.CircPro_LoginTest"/>
                <label name="testMethod" value="invalid_loginblank"/>
                <label name="host" value="del1-lhp-n68376"/>
                <label name="thread" value="24380@del1-lhp-n68376.pool-1-thread-1(15)"/>
            </labels>
        </test-case>
        <test-case start="1584879301410" stop="1584879307273" status="passed">
            <name>login_circPro</name>
            <steps/>
            <attachments/>
            <labels>
                <label name="testSuite" value="AutofusionRegressionSuite"/>
                <label name="testGroup" value="SmokeTest-Naviga-xyzApplication"/>
                <label name="testClass" value="com.test.CircPro_LoginTest"/>
                <label name="testMethod" value="login_circPro"/>
                <label name="host" value="del1-lhp-n68376"/>
                <label name="thread" value="24380@del1-lhp-n68376.pool-1-thread-1(15)"/>
            </labels>
        </test-case>
        <test-case start="1584879307316" stop="1584879423693" status="broken">
            <name>dailyPublicationTest</name>
            <failure>
                <message>WebDriverException: chrome not reachable
  (Session info: chrome=80.0.3987.149)
  (Driver info: chromedriver=2.40.565498 (ea082db3280dd6843ebfb08a625e3eb905c4f5ab),platform=Windows NT 10.0.18363 x86_64) (WARNING: The server did not provide any stacktrace information)
Command duration or timeout: 14.06 seconds
Build info: version: '3.4.0', revision: 'unknown', time: 'unknown'
System info: host: 'DEL1-LHP-N68376', ip: '10.100.28.9', os.name: 'Windows 10', os.arch: 'amd64', os.version: '10.0', java.version: '13.0.2'
Driver info: org.openqa.selenium.chrome.ChromeDriver
Capabilities [{applicationCacheEnabled=false, rotatable=false, mobileEmulationEnabled=false, networkConnectionEnabled=false, chrome={chromedriverVersion=2.40.565498 (ea082db3280dd6843ebfb08a625e3eb905c4f5ab), userDataDir=C:\Users\SARTHA~1.KUM\AppData\Local\Temp\scoped_dir34192_10952}, takesHeapSnapshot=true, pageLoadStrategy=normal, databaseEnabled=false, handlesAlerts=true, hasTouchScreen=false, version=80.0.3987.149, platform=XP, browserConnectionEnabled=false, nativeEvents=true, acceptSslCerts=false, acceptInsecureCerts=false, locationContextEnabled=true, webStorageEnabled=true, browserName=chrome, takesScreenshot=true, javascriptEnabled=true, cssSelectorsEnabled=true, setWindowRect=true, unexpectedAlertBehaviour=}]
Session ID: 7e7584f5573a8d5ac1f1cc8f0ce76f72</message>
                <stack-trace>org.openqa.selenium.WebDriverException: chrome not reachable
  (Session info: chrome=80.0.3987.149)
  (Driver info: chromedriver=2.40.565498 (ea082db3280dd6843ebfb08a625e3eb905c4f5ab),platform=Windows NT 10.0.18363 x86_64) (WARNING: The server did not provide any stacktrace information)
Command duration or timeout: 14.06 seconds
Build info: version: '3.4.0', revision: 'unknown', time: 'unknown'
System info: host: 'DEL1-LHP-N68376', ip: '10.100.28.9', os.name: 'Windows 10', os.arch: 'amd64', os.version: '10.0', java.version: '13.0.2'
Driver info: org.openqa.selenium.chrome.ChromeDriver
Capabilities [{applicationCacheEnabled=false, rotatable=false, mobileEmulationEnabled=false, networkConnectionEnabled=false, chrome={chromedriverVersion=2.40.565498 (ea082db3280dd6843ebfb08a625e3eb905c4f5ab), userDataDir=C:\Users\SARTHA~1.KUM\AppData\Local\Temp\scoped_dir34192_10952}, takesHeapSnapshot=true, pageLoadStrategy=normal, databaseEnabled=false, handlesAlerts=true, hasTouchScreen=false, version=80.0.3987.149, platform=XP, browserConnectionEnabled=false, nativeEvents=true, acceptSslCerts=false, acceptInsecureCerts=false, locationContextEnabled=true, webStorageEnabled=true, browserName=chrome, takesScreenshot=true, javascriptEnabled=true, cssSelectorsEnabled=true, setWindowRect=true, unexpectedAlertBehaviour=}]
Session ID: 7e7584f5573a8d5ac1f1cc8f0ce76f72&#13;
	at java.base/jdk.internal.reflect.NativeConstructorAccessorImpl.newInstance0(Native Method)&#13;
	at java.base/jdk.internal.reflect.NativeConstructorAccessorImpl.newInstance(NativeConstructorAccessorImpl.java:62)&#13;
	at java.base/jdk.internal.reflect.DelegatingConstructorAccessorImpl.newInstance(DelegatingConstructorAccessorImpl.java:45)&#13;
	at java.base/java.lang.reflect.Constructor.newInstanceWithCaller(Constructor.java:500)&#13;
	at java.base/java.lang.reflect.Constructor.newInstance(Constructor.java:481)&#13;
	at org.openqa.selenium.remote.ErrorHandler.createThrowable(ErrorHandler.java:215)&#13;
	at org.openqa.selenium.remote.ErrorHandler.throwIfResponseFailed(ErrorHandler.java:167)&#13;
	at org.openqa.selenium.remote.RemoteWebDriver.execute(RemoteWebDriver.java:671)&#13;
	at org.openqa.selenium.remote.RemoteWebDriver.execute(RemoteWebDriver.java:694)&#13;
	at org.openqa.selenium.remote.RemoteWebDriver.getScreenshotAs(RemoteWebDriver.java:382)&#13;
	at com.autofusion.BaseClass.addScreenshot(BaseClass.java:428)&#13;
	at com.autofusion.BaseClass.logResultInReport(BaseClass.java:455)&#13;
	at com.ncs.page.CircPro_RunProcessing_Publishing.verifyTextMessageCompletion(CircPro_RunProcessing_Publishing.java:77)&#13;
	at com.test.CircPro_RunProcessing_PublishingTest.dailyPublicationMultiple(CircPro_RunProcessing_PublishingTest.java:73)&#13;
	at com.test.CircPro_RunProcessing_PublishingTest.dailyPublicationTest(CircPro_RunProcessing_PublishingTest.java:47)&#13;
	at java.base/jdk.internal.reflect.NativeMethodAccessorImpl.invoke0(Native Method)&#13;
	at java.base/jdk.internal.reflect.NativeMethodAccessorImpl.invoke(NativeMethodAccessorImpl.java:62)&#13;
	at java.base/jdk.internal.reflect.DelegatingMethodAccessorImpl.invoke(DelegatingMethodAccessorImpl.java:43)&#13;
	at java.base/java.lang.reflect.Method.invoke(Method.java:567)&#13;
	at org.testng.internal.MethodInvocationHelper.invokeMethod(MethodInvocationHelper.java:104)&#13;
	at org.testng.internal.Invoker.invokeMethod(Invoker.java:645)&#13;
	at org.testng.internal.Invoker.invokeTestMethod(Invoker.java:851)&#13;
	at org.testng.internal.Invoker.invokeTestMethods(Invoker.java:1177)&#13;
	at org.testng.internal.TestMethodWorker.invokeTestMethods(TestMethodWorker.java:129)&#13;
	at org.testng.internal.TestMethodWorker.run(TestMethodWorker.java:112)&#13;
	at java.base/java.util.concurrent.ThreadPoolExecutor.runWorker(ThreadPoolExecutor.java:1128)&#13;
	at java.base/java.util.concurrent.ThreadPoolExecutor$Worker.run(ThreadPoolExecutor.java:628)&#13;
	at java.base/java.lang.Thread.run(Thread.java:830)&#13;
</stack-trace>
            </failure>
            <steps/>
            <attachments/>
            <labels>
                <label name="testSuite" value="AutofusionRegressionSuite"/>
                <label name="testGroup" value="SmokeTest-Naviga-xyzApplication"/>
                <label name="testClass" value="com.test.CircPro_RunProcessing_PublishingTest"/>
                <label name="testMethod" value="dailyPublicationTest"/>
                <label name="host" value="del1-lhp-n68376"/>
                <label name="thread" value="24380@del1-lhp-n68376.pool-1-thread-1(15)"/>
            </labels>
        </test-case>
    </test-cases>
    <labels>
        <label name="framework" value="TestNG"/>
        <label name="language" value="JAVA"/>
    </labels>
</ns2:test-suite>
