<?xml version="1.0" encoding="UTF-8"?>
<!-- Generated by org.testng.reporters.JUnitXMLReporter -->
<testsuite ignored="0" hostname="del1-lhp-n68376" failures="0" tests="1" name="Login" time="1.151" errors="0" timestamp="08 Mar 2020 18:49:08 GMT">
  <testcase classname="com.autofusion.BaseClass" name="@BeforeClass setUp" time="0.0">
    <failure type="java.lang.IllegalStateException" message="The driver executable does not exist: D:\Framework\Autofusion3.7\NewscycleTestRepository\drivers\chromedriver.exe">
      <![CDATA[java.lang.IllegalStateException: The driver executable does not exist: D:\Framework\Autofusion3.7\NewscycleTestRepository\drivers\chromedriver.exe
	at com.google.common.base.Preconditions.checkState(Preconditions.java:530)
	at org.openqa.selenium.remote.service.DriverService.checkExecutable(DriverService.java:136)
	at org.openqa.selenium.remote.service.DriverService.findExecutable(DriverService.java:131)
	at org.openqa.selenium.chrome.ChromeDriverService.access$000(ChromeDriverService.java:32)
	at org.openqa.selenium.chrome.ChromeDriverService$Builder.findDefaultExecutable(ChromeDriverService.java:137)
	at org.openqa.selenium.remote.service.DriverService$Builder.build(DriverService.java:330)
	at org.openqa.selenium.chrome.ChromeDriverService.createDefaultService(ChromeDriverService.java:88)
	at org.openqa.selenium.chrome.ChromeDriver.<init>(ChromeDriver.java:148)
	at com.autofusion.InitializeWebDriver.getWebDriver(InitializeWebDriver.java:78)
	at com.autofusion.BaseClass.getWebDriver(BaseClass.java:369)
	at com.autofusion.BaseClass.setUp(BaseClass.java:201)
... Removed 25 stack frames]]>
    </failure>
  </testcase> <!-- @BeforeClass setUp -->
  <testcase classname="com.test.GmailPage_1Test" name="testMethod" time="0.05">
    <skipped/>
  </testcase> <!-- testMethod -->
</testsuite> <!-- Login -->
